<?xml version="1.0" encoding="UTF-8"?>
<testng-results ignored="0" total="1" passed="1" failed="0" skipped="0">
  <reporter-output>
  </reporter-output>
  <suite started-at="2022-04-22T13:28:06 IST" name="Default suite" finished-at="2022-04-22T13:28:08 IST" duration-ms="1310">
    <groups>
    </groups>
    <test started-at="2022-04-22T13:28:06 IST" name="Default test" finished-at="2022-04-22T13:28:08 IST" duration-ms="1310">
      <class name="rmgyantraTestsWithFramework.CreateProjectAndVerifyInDataBase">
        <test-method is-config="true" signature="bsConfig()[pri:0, instance:rmgyantraTestsWithFramework.CreateProjectAndVerifyInDataBase@73700b80]" started-at="2022-04-22T13:28:06 IST" name="bsConfig" finished-at="2022-04-22T13:28:06 IST" duration-ms="358" status="PASS">
          <reporter-output>
          </reporter-output>
        </test-method> <!-- bsConfig -->
        <test-method signature="createProjectVerifyInDb()[pri:0, instance:rmgyantraTestsWithFramework.CreateProjectAndVerifyInDataBase@73700b80]" started-at="2022-04-22T13:28:07 IST" name="createProjectVerifyInDb" finished-at="2022-04-22T13:28:08 IST" duration-ms="1290" status="PASS">
          <reporter-output>
          </reporter-output>
        </test-method> <!-- createProjectVerifyInDb -->
        <test-method is-config="true" signature="asConfig()[pri:0, instance:rmgyantraTestsWithFramework.CreateProjectAndVerifyInDataBase@73700b80]" started-at="2022-04-22T13:28:08 IST" name="asConfig" finished-at="2022-04-22T13:28:08 IST" duration-ms="3" status="PASS">
          <reporter-output>
          </reporter-output>
        </test-method> <!-- asConfig -->
      </class> <!-- rmgyantraTestsWithFramework.CreateProjectAndVerifyInDataBase -->
    </test> <!-- Default test -->
  </suite> <!-- Default suite -->
</testng-results>
